# JRE version: Java(TM) SE Runtime Environment (8.0_112-b15) (build 1.8.0_112-b15)
# Java VM: Java HotSpot(TM) 64-Bit Server VM (25.112-b15 mixed mode windows-amd64 compressed oops)
Heap:
 PSYoungGen      total 55296K, used 38513K [0x00000007bc400000, 0x00000007c0000000, 0x00000007c0000000)
  eden space 49152K, 71% used [0x00000007bc400000,0x00000007be620088,0x00000007bf400000)
  from space 6144K, 58% used [0x00000007bf400000,0x00000007bf77c618,0x00000007bfa00000)
  to   space 6144K, 0% used [0x00000007bfa00000,0x00000007bfa00000,0x00000007c0000000)
 ParOldGen       total 229376K, used 54044K [0x0000000700000000, 0x000000070e000000, 0x00000007bc400000)
  object space 229376K, 23% used [0x0000000700000000,0x00000007034c7260,0x000000070e000000)
 Metaspace       used 71564K, capacity 72259K, committed 72792K, reserved 1112064K
  class space    used 9330K, capacity 9467K, committed 9560K, reserved 1048576K
GC Heap History (10 events):
Event: 12975.338 GC heap before
{Heap before GC invocations=512 (full 15):
 PSYoungGen      total 55808K, used 54447K [0x00000007bc400000, 0x00000007c0000000, 0x00000007c0000000)
  eden space 50176K, 100% used [0x00000007bc400000,0x00000007bf500000,0x00000007bf500000)
  from space 5632K, 75% used [0x00000007bfa80000,0x00000007bfeabc28,0x00000007c0000000)
  to   space 5632K, 0% used [0x00000007bf500000,0x00000007bf500000,0x00000007bfa80000)
 ParOldGen       total 229376K, used 53497K [0x0000000700000000, 0x000000070e000000, 0x00000007bc400000)
  object space 229376K, 23% used [0x0000000700000000,0x000000070343e590,0x000000070e000000)
 Metaspace       used 71492K, capacity 72191K, committed 72792K, reserved 1112064K
  class space    used 9330K, capacity 9467K, committed 9560K, reserved 1048576K
Event: 12975.343 GC heap after
Heap after GC invocations=512 (full 15):
 PSYoungGen      total 55808K, used 4207K [0x00000007bc400000, 0x00000007c0000000, 0x00000007c0000000)
  eden space 50176K, 0% used [0x00000007bc400000,0x00000007bc400000,0x00000007bf500000)
  from space 5632K, 74% used [0x00000007bf500000,0x00000007bf91bc28,0x00000007bfa80000)
  to   space 5632K, 0% used [0x00000007bfa80000,0x00000007bfa80000,0x00000007c0000000)
 ParOldGen       total 229376K, used 53577K [0x0000000700000000, 0x000000070e000000, 0x00000007bc400000)
  object space 229376K, 23% used [0x0000000700000000,0x0000000703452590,0x000000070e000000)
 Metaspace       used 71492K, capacity 72191K, committed 72792K, reserved 1112064K
  class space    used 9330K, capacity 9467K, committed 9560K, reserved 1048576K
}
Event: 13028.945 GC heap before
{Heap before GC invocations=513 (full 15):
 PSYoungGen      total 55808K, used 54383K [0x00000007bc400000, 0x00000007c0000000, 0x00000007c0000000)
  eden space 50176K, 100% used [0x00000007bc400000,0x00000007bf500000,0x00000007bf500000)
  from space 5632K, 74% used [0x00000007bf500000,0x00000007bf91bc28,0x00000007bfa80000)
  to   space 5632K, 0% used [0x00000007bfa80000,0x00000007bfa80000,0x00000007c0000000)
 ParOldGen       total 229376K, used 53577K [0x0000000700000000, 0x000000070e000000, 0x00000007bc400000)
  object space 229376K, 23% used [0x0000000700000000,0x00000007034525a8,0x000000070e000000)
 Metaspace       used 71527K, capacity 72195K, committed 72792K, reserved 1112064K
  class space    used 9330K, capacity 9467K, committed 9560K, reserved 1048576K
Event: 13028.952 GC heap after
Heap after GC invocations=513 (full 15):
 PSYoungGen      total 54784K, used 5310K [0x00000007bc400000, 0x00000007c0000000, 0x00000007c0000000)
  eden space 49152K, 0% used [0x00000007bc400000,0x00000007bc400000,0x00000007bf400000)
  from space 5632K, 94% used [0x00000007bfa80000,0x00000007bffafb10,0x00000007c0000000)
  to   space 6144K, 0% used [0x00000007bf400000,0x00000007bf400000,0x00000007bfa00000)
 ParOldGen       total 229376K, used 53689K [0x0000000700000000, 0x000000070e000000, 0x00000007bc400000)
  object space 229376K, 23% used [0x0000000700000000,0x000000070346e5b8,0x000000070e000000)
 Metaspace       used 71527K, capacity 72195K, committed 72792K, reserved 1112064K
  class space    used 9330K, capacity 9467K, committed 9560K, reserved 1048576K
}
Event: 13052.622 GC heap before
{Heap before GC invocations=514 (full 15):
 PSYoungGen      total 54784K, used 54462K [0x00000007bc400000, 0x00000007c0000000, 0x00000007c0000000)
  eden space 49152K, 100% used [0x00000007bc400000,0x00000007bf400000,0x00000007bf400000)
  from space 5632K, 94% used [0x00000007bfa80000,0x00000007bffafb10,0x00000007c0000000)
  to   space 6144K, 0% used [0x00000007bf400000,0x00000007bf400000,0x00000007bfa00000)
 ParOldGen       total 229376K, used 53692K [0x0000000700000000, 0x000000070e000000, 0x00000007bc400000)
  object space 229376K, 23% used [0x0000000700000000,0x000000070346f200,0x000000070e000000)
 Metaspace       used 71527K, capacity 72195K, committed 72792K, reserved 1112064K
  class space    used 9330K, capacity 9467K, committed 9560K, reserved 1048576K
Event: 13052.629 GC heap after
Heap after GC invocations=514 (full 15):
 PSYoungGen      total 55296K, used 5022K [0x00000007bc400000, 0x00000007c0000000, 0x00000007c0000000)
  eden space 49152K, 0% used [0x00000007bc400000,0x00000007bc400000,0x00000007bf400000)
  from space 6144K, 81% used [0x00000007bf400000,0x00000007bf8e7b10,0x00000007bfa00000)
  to   space 6144K, 0% used [0x00000007bfa00000,0x00000007bfa00000,0x00000007c0000000)
 ParOldGen       total 229376K, used 53900K [0x0000000700000000, 0x000000070e000000, 0x00000007bc400000)
  object space 229376K, 23% used [0x0000000700000000,0x00000007034a3240,0x000000070e000000)
 Metaspace       used 71527K, capacity 72195K, committed 72792K, reserved 1112064K
  class space    used 9330K, capacity 9467K, committed 9560K, reserved 1048576K
}
Event: 13065.355 GC heap before
{Heap before GC invocations=515 (full 15):
 PSYoungGen      total 55296K, used 54174K [0x00000007bc400000, 0x00000007c0000000, 0x00000007c0000000)
  eden space 49152K, 100% used [0x00000007bc400000,0x00000007bf400000,0x00000007bf400000)
  from space 6144K, 81% used [0x00000007bf400000,0x00000007bf8e7b10,0x00000007bfa00000)
  to   space 6144K, 0% used [0x00000007bfa00000,0x00000007bfa00000,0x00000007c0000000)
 ParOldGen       total 229376K, used 53900K [0x0000000700000000, 0x000000070e000000, 0x00000007bc400000)
  object space 229376K, 23% used [0x0000000700000000,0x00000007034a3240,0x000000070e000000)
 Metaspace       used 71546K, capacity 72195K, committed 72792K, reserved 1112064K
  class space    used 9330K, capacity 9467K, committed 9560K, reserved 1048576K
Event: 13065.359 GC heap after
Heap after GC invocations=515 (full 15):
 PSYoungGen      total 55296K, used 4862K [0x00000007bc400000, 0x00000007c0000000, 0x00000007c0000000)
  eden space 49152K, 0% used [0x00000007bc400000,0x00000007bc400000,0x00000007bf400000)
  from space 6144K, 79% used [0x00000007bfa00000,0x00000007bfebfb10,0x00000007c0000000)
  to   space 6144K, 0% used [0x00000007bf400000,0x00000007bf400000,0x00000007bfa00000)
 ParOldGen       total 229376K, used 53948K [0x0000000700000000, 0x000000070e000000, 0x00000007bc400000)
  object space 229376K, 23% used [0x0000000700000000,0x00000007034af240,0x000000070e000000)
 Metaspace       used 71546K, capacity 72195K, committed 72792K, reserved 1112064K
  class space    used 9330K, capacity 9467K, committed 9560K, reserved 1048576K
}
Event: 13082.393 GC heap before
{Heap before GC invocations=516 (full 15):
 PSYoungGen      total 55296K, used 54014K [0x00000007bc400000, 0x00000007c0000000, 0x00000007c0000000)
  eden space 49152K, 100% used [0x00000007bc400000,0x00000007bf400000,0x00000007bf400000)
  from space 6144K, 79% used [0x00000007bfa00000,0x00000007bfebfb10,0x00000007c0000000)
  to   space 6144K, 0% used [0x00000007bf400000,0x00000007bf400000,0x00000007bfa00000)
 ParOldGen       total 229376K, used 53948K [0x0000000700000000, 0x000000070e000000, 0x00000007bc400000)
  object space 229376K, 23% used [0x0000000700000000,0x00000007034af240,0x000000070e000000)
 Metaspace       used 71549K, capacity 72195K, committed 72792K, reserved 1112064K
  class space    used 9330K, capacity 9467K, committed 9560K, reserved 1048576K
Event: 13082.399 GC heap after
Heap after GC invocations=516 (full 15):
 PSYoungGen      total 55296K, used 3569K [0x00000007bc400000, 0x00000007c0000000, 0x00000007c0000000)
  eden space 49152K, 0% used [0x00000007bc400000,0x00000007bc400000,0x00000007bf400000)
  from space 6144K, 58% used [0x00000007bf400000,0x00000007bf77c618,0x00000007bfa00000)
  to   space 6144K, 0% used [0x00000007bfa00000,0x00000007bfa00000,0x00000007c0000000)
 ParOldGen       total 229376K, used 54044K [0x0000000700000000, 0x000000070e000000, 0x00000007bc400000)
  object space 229376K, 23% used [0x0000000700000000,0x00000007034c7260,0x000000070e000000)
 Metaspace       used 71549K, capacity 72195K, committed 72792K, reserved 1112064K
  class space    used 9330K, capacity 9467K, committed 9560K, reserved 1048576K
}

